app/build/intermediates/manifest_merge_blame_file/debug/manifest-merger-blame-debug-report.txt
1<?xml version="1.0" encoding="utf-8"?>
2<manifest xmlns:android="http://schemas.android.com/apk/res/android"
3    package="com.example.fitnessnation"
4    android:versionCode="1"
5    android:versionName="1.0" >
6
7    <uses-sdk
8        android:minSdkVersion="16"
8-->src\main\AndroidManifest.xml
9        android:targetSdkVersion="29" />
9-->src\main\AndroidManifest.xml
10
11    <uses-permission android:name="android.permission.READ_EXTERNAL_STORAGE" />
11-->src\main\AndroidManifest.xml:5:5-80
11-->src\main\AndroidManifest.xml:5:22-77
12
13    <application
13-->src\main\AndroidManifest.xml:7:5-36:19
14        android:name="com.example.fitnessnation.ApplicationController"
14-->src\main\AndroidManifest.xml:8:9-46
15        android:allowBackup="true"
15-->src\main\AndroidManifest.xml:9:9-35
16        android:appComponentFactory="androidx.core.app.CoreComponentFactory"
16-->[androidx.core:core:1.2.0] AndroidManifest.xml:24:18-86
17        android:configChanges="keyboardHidden|orientation|screenSize"
17-->src\main\AndroidManifest.xml:15:9-70
18        android:debuggable="true"
19        android:icon="@mipmap/ic_launcher"
19-->src\main\AndroidManifest.xml:10:9-43
20        android:label="@string/app_name"
20-->src\main\AndroidManifest.xml:11:9-41
21        android:roundIcon="@mipmap/ic_launcher_round"
21-->src\main\AndroidManifest.xml:12:9-54
22        android:supportsRtl="true"
22-->src\main\AndroidManifest.xml:13:9-35
23        android:testOnly="true"
24        android:theme="@style/AppTheme" >
24-->src\main\AndroidManifest.xml:14:9-40
25        <activity
25-->src\main\AndroidManifest.xml:18:9-19:59
26            android:name="com.example.fitnessnation.activitites.FoodActivity"
26-->src\main\AndroidManifest.xml:18:19-59
27            android:screenOrientation="sensor" />
27-->src\main\AndroidManifest.xml:19:13-47
28        <activity
28-->src\main\AndroidManifest.xml:20:9-23:49
29            android:name="com.example.fitnessnation.activitites.BottomNavigationActivity"
29-->src\main\AndroidManifest.xml:21:13-65
30            android:label="@string/title_activity_bottom_navigation"
30-->src\main\AndroidManifest.xml:22:13-69
31            android:screenOrientation="sensor" />
31-->src\main\AndroidManifest.xml:23:13-47
32        <activity
32-->src\main\AndroidManifest.xml:25:9-26:49
33            android:name="com.example.fitnessnation.activitites.LoginActivity"
33-->src\main\AndroidManifest.xml:25:19-60
34            android:screenOrientation="sensor" />
34-->src\main\AndroidManifest.xml:26:13-47
35        <activity
35-->src\main\AndroidManifest.xml:27:9-34:20
36            android:name="com.example.fitnessnation.activitites.MainActivity"
36-->src\main\AndroidManifest.xml:27:19-59
37            android:screenOrientation="sensor" >
37-->src\main\AndroidManifest.xml:28:13-47
38            <intent-filter>
38-->src\main\AndroidManifest.xml:29:13-33:29
39                <action android:name="android.intent.action.MAIN" />
39-->src\main\AndroidManifest.xml:30:17-69
39-->src\main\AndroidManifest.xml:30:25-66
40
41                <category android:name="android.intent.category.LAUNCHER" />
41-->src\main\AndroidManifest.xml:32:17-77
41-->src\main\AndroidManifest.xml:32:27-74
42            </intent-filter>
43        </activity>
44
45        <receiver android:name="com.example.fitnessnation.AlarmReceiver" />
45-->src\main\AndroidManifest.xml:35:9-59
45-->src\main\AndroidManifest.xml:35:19-47
46
47        <service
47-->[androidx.room:room-runtime:2.1.0-alpha04] AndroidManifest.xml:23:9-25:40
48            android:name="androidx.room.MultiInstanceInvalidationService"
48-->[androidx.room:room-runtime:2.1.0-alpha04] AndroidManifest.xml:24:13-74
49            android:exported="false" />
49-->[androidx.room:room-runtime:2.1.0-alpha04] AndroidManifest.xml:25:13-37
50
51        <provider
51-->[androidx.lifecycle:lifecycle-process:2.2.0] AndroidManifest.xml:25:9-29:43
52            android:name="androidx.lifecycle.ProcessLifecycleOwnerInitializer"
52-->[androidx.lifecycle:lifecycle-process:2.2.0] AndroidManifest.xml:26:13-79
53            android:authorities="com.example.fitnessnation.lifecycle-process"
53-->[androidx.lifecycle:lifecycle-process:2.2.0] AndroidManifest.xml:27:13-69
54            android:exported="false"
54-->[androidx.lifecycle:lifecycle-process:2.2.0] AndroidManifest.xml:28:13-37
55            android:multiprocess="true" />
55-->[androidx.lifecycle:lifecycle-process:2.2.0] AndroidManifest.xml:29:13-40
56    </application>
57
58</manifest>